<?xml version="1.0" encoding="UTF-8"?>
<testsuite name="org.apache.tomcat.jdbc.test.TestSlowQueryReport" time="2.507" tests="4" errors="0" skipped="0" failures="0">
  <properties>
[...]
</properties>
  <testcase name="testFastSql" classname="org.apache.tomcat.jdbc.test.TestSlowQueryReport" time="0.015"/>
  <testcase name="testFailedSql" classname="org.apache.tomcat.jdbc.test.TestSlowQueryReport" time="0.033"/>
  <testcase name="testSlowSqlJmx" classname="org.apache.tomcat.jdbc.test.TestSlowQueryReport" time="0.625"/>
  <testcase name="testSlowSql" classname="org.apache.tomcat.jdbc.test.TestSlowQueryReport" time="1.834"/>
</testsuite>